============================================================
  Generated by:           Genus(TM) Synthesis Solution 19.10-p002_1
  Generated on:           Nov 02 2019  05:12:16 pm
  Module:                 mpadd32
  Operating conditions:   PVT_1P08V_125C (balanced_tree)
  Wireload mode:          enclosed
  Area mode:              timing library
============================================================

                               
   Gate    Instances    Area       Library    
----------------------------------------------
ADDFX1           255  1308.150    slow_vdd1v2 
AND2X1             5     6.840    slow_vdd1v2 
AND2XL             2     2.736    slow_vdd1v2 
AOI221X1           1     2.394    slow_vdd1v2 
AOI22X1            3     6.156    slow_vdd1v2 
AOI2BB1XL          1     2.052    slow_vdd1v2 
DFFHQX1            2    10.944    slow_vdd1v2 
DFFQX2             1     6.498    slow_vdd1v2 
DFFX1              2    14.364    slow_vdd1v2 
INVX1            105    71.820    slow_vdd1v2 
INVX2              1     1.026    slow_vdd1v2 
INVXL              2     1.368    slow_vdd1v2 
MXI2XL             1     2.394    slow_vdd1v2 
NAND2BX1           1     1.368    slow_vdd1v2 
NAND2X1            5     5.130    slow_vdd1v2 
NAND2XL            1     1.026    slow_vdd1v2 
NAND3BX1           1     2.052    slow_vdd1v2 
NAND3X1            1     1.710    slow_vdd1v2 
NOR2X1             3     3.078    slow_vdd1v2 
NOR2X2             2     3.420    slow_vdd1v2 
NOR2XL             2     2.052    slow_vdd1v2 
OA21X1             1     2.052    slow_vdd1v2 
OAI211X1           1     1.710    slow_vdd1v2 
OAI31X1            1     2.052    slow_vdd1v2 
OR2X1              2     2.736    slow_vdd1v2 
OR2XL              1     1.368    slow_vdd1v2 
SDFFQX1          769  5785.956    slow_vdd1v2 
----------------------------------------------
total           1172  7252.452                


                                         
     Type      Instances   Area   Area % 
-----------------------------------------
sequential           774 5817.762   80.2 
inverter             108   74.214    1.0 
logic                290 1360.476   18.8 
physical_cells         0    0.000    0.0 
-----------------------------------------
total               1172 7252.452  100.0 

