###############################################################
#  Generated by:      Cadence Innovus 19.10-p002_1
#  OS:                Linux x86_64(Host ID M66-080-2)
#  Generated on:      Sat Nov  2 17:14:15 2019
#  Design:            mpadd32
#  Command:           report_ccopt_clock_trees -file clock_trees.rpt
###############################################################

Clock DAG stats:
================

------------------------------------------------------------
Cell type                     Count    Area      Capacitance
------------------------------------------------------------
Buffers                         9      46.170       0.012
Inverters                       0       0.000       0.000
Integrated Clock Gates          0       0.000       0.000
Non-Integrated Clock Gates      0       0.000       0.000
Clock Logic                     0       0.000       0.000
All                             9      46.170       0.012
------------------------------------------------------------


Clock DAG wire lengths:
=======================

--------------------
Type     Wire Length
--------------------
Top          0.000
Trunk      191.705
Leaf      2486.860
Total     2678.565
--------------------


Clock DAG hp wire lengths:
==========================

-----------------------
Type     hp Wire Length
-----------------------
Top           0.000
Trunk       109.640
Leaf        582.055
Total       691.695
-----------------------


Clock DAG capacitances:
=======================

--------------------------------
Type     Gate     Wire     Total
--------------------------------
Top      0.000    0.000    0.000
Trunk    0.012    0.012    0.024
Leaf     0.182    0.183    0.365
Total    0.194    0.194    0.388
--------------------------------


Clock DAG sink capacitances:
============================

--------------------------------------------------------
Count    Total    Average    Std. Dev.    Min      Max
--------------------------------------------------------
 774     0.182     0.000       0.000      0.000    0.000
--------------------------------------------------------


Clock DAG net violations:
=========================

None


Clock DAG primary half-corner transition distribution:
======================================================

--------------------------------------------------------------------------------------------------------------------------------------------------------------
Net Type    Target    Count    Average    Std. Dev.    Min      Max      Distribution                                                              Over Target
--------------------------------------------------------------------------------------------------------------------------------------------------------------
Trunk       0.100       2       0.038       0.003      0.036    0.040    {2 <= 0.060ns, 0 <= 0.080ns, 0 <= 0.090ns, 0 <= 0.095ns, 0 <= 0.100ns}         -
Leaf        0.100       8       0.070       0.001      0.068    0.071    {0 <= 0.060ns, 8 <= 0.080ns, 0 <= 0.090ns, 0 <= 0.095ns, 0 <= 0.100ns}         -
--------------------------------------------------------------------------------------------------------------------------------------------------------------


Clock DAG library cell distribution:
====================================

------------------------------------------
Name         Type      Inst     Inst Area 
                       Count    (um^2)
------------------------------------------
CLKBUFX12    buffer      9        46.170
------------------------------------------



Please note that the following tables reflect only the defined clock trees, so the flop counts might not include all flops in your design.

Clock Tree Summary:
===================

-------------------------------------------------------------------------------------------------------------------------------------------------------------------------------------------------------
Clock Tree  # Posedge  # Negedge  # RAM  # Enable  # Non enable  # Other  # Clock  # Bufs  # Invs  # Other  # Implicit  Max       Max     Max     Max          Standard   Wire   Gate   Clock Tree Root
Name        Flops      Flops      Clock  Latch     Latch         Sinks    Gates                    Clock    ignore/     Non-leaf  Leaf    Length  Source-sink  cell area  cap    cap    
                                  Pins   Sinks     Sinks                                           Cells    stop pins   Fanout    Fanout  (um)    Resistance   (um^2)     (pF)   (pF)   
                                                                                                                                                  (Ohms)                                
-------------------------------------------------------------------------------------------------------------------------------------------------------------------------------------------------------
clk_input      774         0        0       0           0           0        0       9       0        0         0          8        99    88.81     1445.81     46.170    0.194  0.194  CLK
-------------------------------------------------------------------------------------------------------------------------------------------------------------------------------------------------------

Summary across all clock trees :
================================

---------------------------------------------------------------------------------------------------------------------------------------------------------------------------------------------
# Posedge  # Negedge  # RAM  # Enable  # Non enable  # Other  # Clock  # Bufs  # Invs  # Other  # Implicit  Max       Average   Max     Average  Max     Max          Standard   Wire   Gate
Flops      Flops      Clock  Latch     Latch         Sinks    Gates                    Clock    ignore/     Non-leaf  Non-leaf  Leaf    Leaf     Length  Source-sink  cell area  cap    cap
                      Pins   Sinks     Sinks                                           Cells    stop pins   Fanout    Fanout    Fanout  Fanout   (um)    Resistance   (um^2)     (pF)   (pF)
                                                                                                                                                         (Ohms)                         
---------------------------------------------------------------------------------------------------------------------------------------------------------------------------------------------
   774         0        0       0           0           0        0       9       0        0         0          8        4.5       99     96.75   88.810    144.581     46.170    0.194  0.194
---------------------------------------------------------------------------------------------------------------------------------------------------------------------------------------------

Physical metrics across all clock trees
=======================================

-----------------------------------------------------------------------
Metric                               Minimum  Average  Maximum  Std.dev
-----------------------------------------------------------------------
Source-sink routed net length (um)   14.400    54.279   88.810  17.469
Source-sink manhattan distance (um)  14.425    50.891   87.535  17.548
Source-sink resistance (Ohm)         23.902   119.623  144.581  33.457
-----------------------------------------------------------------------

Transition distribution for half-corner typ_rc_wc:setup.late:
=============================================================

--------------------------------------------------------------------------------------------------------------------------------------------------------------
Net Type    Target    Count    Average    Std. Dev.    Min      Max      Distribution                                                              Over Target
--------------------------------------------------------------------------------------------------------------------------------------------------------------
Trunk       0.100       2       0.038       0.003      0.036    0.040    {2 <= 0.060ns, 0 <= 0.080ns, 0 <= 0.090ns, 0 <= 0.095ns, 0 <= 0.100ns}         -
Leaf        0.100       8       0.070       0.001      0.068    0.071    {0 <= 0.060ns, 8 <= 0.080ns, 0 <= 0.090ns, 0 <= 0.095ns, 0 <= 0.100ns}         -
--------------------------------------------------------------------------------------------------------------------------------------------------------------

Count of violations across all clock trees:
===========================================

---------------------------------------------------------------------------------------
Clock Tree  # Max capacitance  # Max resistance  # Max length  # Max fanout  # Slew
Name        violations         violations        violations    violations    violations
---------------------------------------------------------------------------------------
clk_input           0                 0               0             0            0
---------------------------------------------------------------------------------------
Total               0                 0               0             0            0
---------------------------------------------------------------------------------------

Note the above table per clock tree is based on CCOpt clock tree view. The violations are counted across half corners.

Found a total of 0 clock tree pins with max capacitance violations.
Found a total of 0 clock tree nets with max resistance violations.
Found a total of 0 clock tree nets with max length violations.
Found a total of 0 clock tree nets with max fanout violations.
Found a total of 0 clock tree pins with a slew violation.

Report for clock tree: clk_input
================================

Clock Tree Gating Structure (Logical):

# Full cycle clock gates   : 0
Minimum clock gating depth : 0
Maximum clock gating depth : 0
Clock gate area (um^2)     : 0.000

Clock Tree Buffering Structure (Logical):

# Buffers             :  9
# Inverters           :  0
  Total               :  9
Minimum depth         :  2
Maximum depth         :  2
Buffering area (um^2) : 46.170

Clock Tree Level Structure (Logical):

---------------------------------------------------------------------------
Level  # Full  # Posedge  # Negedge  # RAM  # Enable  # Non enable  # Other
       Cycle   Flops      Flops      Clock  Latch     Latch         Sinks
                                     Pins   Sinks     Sinks         
---------------------------------------------------------------------------
root     0        774         0        0       0           0           0
---------------------------------------------------------------------------
Total    0        774         0        0       0           0           0
---------------------------------------------------------------------------

Target and measured clock slews (in ns):

--------------------------------------------------------------------------------------------------------------------------------
Timing Corner          Worst Rising  Worst Falling  Worst Rising  Worst Falling  Leaf Slew    Leaf Slew  Trunk Slew   Trunk Slew
                       Leaf Slew     Leaf Slew      Trunk Slew    Trunk Slew     Target Type  Target     Target Type  Target
--------------------------------------------------------------------------------------------------------------------------------
typ_rc_bc:hold.early      0.031          0.031         0.016          0.016      ignored          -      ignored          -
typ_rc_bc:hold.late       0.032          0.033         0.017          0.017      ignored          -      ignored          -
typ_rc_wc:setup.early     0.062          0.070         0.036          0.039      ignored          -      ignored          -
typ_rc_wc:setup.late      0.063          0.071         0.037          0.040      explicit      0.100     explicit      0.100
--------------------------------------------------------------------------------------------------------------------------------

* - indicates that target was not met.

auto extracted - target was extracted from SDC.
auto computed - target was computed when balancing trees.

