Cadence Genus(TM) Synthesis Solution.
Copyright 2018 Cadence Design Systems, Inc. All rights reserved worldwide.
Cadence and the Cadence logo are registered trademarks and Genus is a trademark
of Cadence Design Systems, Inc. in the United States and other countries.

Version: 19.10-p002_1, built Tue May 21 10:26:01 PDT 2019
Options: 
Date:    Sat Nov 02 16:18:53 2019
Host:    M66-080-2 (x86_64 w/Linux 3.13.0-170-generic) (4cores*4cpus*1physical cpu*Intel(R) Core(TM) i5-4690S CPU @ 3.20GHz 6144KB) (7943892KB)
PID:     4377
OS:      Unsupported OS as /etc does not have release info

Checking out license: Genus_Synthesis

Loading tool scripts...

Finished loading tool scripts (7 seconds elapsed).

@genus:root: 1> xrun

Another Ctrl-C within 1 second will terminate the tool.
CURRENT RESOURCES: RT {elapsed: 25s, ST: 7s, FG: 7s, CPU: 10.2%}, MEM {curr: 0.8G, peak: 0.8G, phys curr: 0.2G, phys peak: 0.2G}, SYS {load: 0.2, cpu: 4, total: 7.6G, free: 0.9G}

Another Ctrl-C within 1 second will terminate the tool.
CURRENT RESOURCES: RT {elapsed: 28s, ST: 7s, FG: 7s, CPU: 10.2%}, MEM {curr: 0.8G, peak: 0.8G, phys curr: 0.2G, phys peak: 0.2G}, SYS {load: 0.2, cpu: 4, total: 7.6G, free: 0.9G}
@genus:root: 2> exixrun
invalid command name "exixrun"
@genus:root: 3> exit
Normal exit.