xrun: 19.03-s013: (c) Copyright 1995-2019 Cadence Design Systems, Inc.
TOOL:	xrun	19.03-s013: Started on Dec 01, 2019 at 19:35:02 EST
xrun
	-sv
	pe_tb.v
	pe.v
	+access+r
file: pe.v
	module worklib.processing_element:v
		errors: 0, warnings: 0
		Caching library 'worklib' ....... Done
	Elaborating the design hierarchy:
	Top level design units:
		pe_tb
xmelab: *W,DSEMEL: This SystemVerilog design will be simulated as per IEEE 1800-2009 SystemVerilog simulation semantics. Use -disable_sem2009 option for turning off SV 2009 simulation semantics.
	Building instance overlay tables: .................... Done
	Generating native compiled code:
		worklib.processing_element:v <0x04d8cf07>
			streams:   5, words:  1971
	Building instance specific data structures.
	Loading native compiled code:     .................... Done
	Design hierarchy summary:
		                  Instances  Unique
		Modules:                  2       2
		Registers:               11      11
		Scalar wires:             5       -
		Vectored wires:           3       -
		Named events:             1       1
		Always blocks:            3       3
		Initial blocks:           9       9
		Pseudo assignments:       1       1
		Simulation timescale:  10ps
	Writing initial simulation snapshot: worklib.pe_tb:v
Loading snapshot worklib.pe_tb:v .................... Done
xmsim: *W,DSEM2009: This SystemVerilog design is simulated as per IEEE 1800-2009 SystemVerilog simulation semantics. Use -disable_sem2009 option for turning off SV 2009 simulation semantics.
xcelium> source /mit/cadence/XCELIUM/1903/tools/xcelium/files/xmsimrc
xcelium> run
START OF SIMULATION (Time: 50 ns)
Performing Test (   0)
Multiplier test result:(      6893)
Performing Test (   1)
Multiplier test result:(     13786)
Performing Test (   2)
END OF SIMULATION (Time: 1350 ns)
TEST RESULT: PASSED (  10 /   10)
##################

Simulation complete via $finish(1) at time 1351 NS + 0
./pe_tb.v:108         	#1  $finish;
xcelium> exit
TOOL:	xrun	19.03-s013: Exiting on Dec 01, 2019 at 19:35:04 EST  (total: 00:00:02)
