/afs/athena.mit.edu/dept/cadence/linux/XCELIUM/19.03.013/tools.lnx86/inca/bin/xmsim
Obtained 25 stack frames.
/afs/athena.mit.edu/dept/cadence/linux/XCELIUM/19.03.013/tools.lnx86/inca/bin/../../lib/libcbreakpad.so(_Z13use_backtracev+0xa1) [0xf734a0fd]
/afs/athena.mit.edu/dept/cadence/linux/XCELIUM/19.03.013/tools.lnx86/inca/bin/../../lib/libcbreakpad.so(cbpad_generate_dump_on_demand+0x84) [0xf734a474]
ncsim() [0x90ac075]
ncsim(serror+0x1a) [0x90ad43a]
ncsim() [0x9093efe]
[0xf7768410]
ncsim() [0x80eceb8]
ncsim() [0x9093342]
ncsim() [0x9093e89]
[0xf7768410]
[0xf7768440]
/lib/i386-linux-gnu/libc.so.6(nanosleep+0x20) [0xf743f280]
/lib/i386-linux-gnu/libc.so.6(sleep+0xcd) [0xf743f04d]
ncsim() [0x8cf368a]
ncsim() [0x8cf2469]
ncsim() [0x8cf5aac]
ncsim() [0x8d1b592]
ncsim() [0x8d1da4b]
ncsim() [0x86a47cc]
ncsim() [0x86980ad]
ncsim() [0x80e4a0b]
ncsim(ncmain+0x96) [0x80de4d8]
ncsim(main+0x24) [0x97412c4]
/lib/i386-linux-gnu/libc.so.6(__libc_start_main+0xf3) [0xf73a0af3]
ncsim() [0x807d2d1]
